[2025-05-27 11:05:47.543] [4600] [HailoRT] [info] [device.cpp:49] [Device] OS Version: Linux 6.12.20+rpt-rpi-2712 #1 SMP PREEMPT Debian 1:6.12.20-1+rpt1~bpo12+1 (2025-03-19) aarch64
[2025-05-27 11:05:47.551] [4600] [HailoRT] [info] [control.cpp:108] [control__parse_identify_results] firmware_version is: 4.20.0
[2025-05-27 11:05:47.559] [4600] [HailoRT] [info] [control.cpp:108] [control__parse_identify_results] firmware_version is: 4.20.0
[2025-05-27 11:32:11.957] [7777] [HailoRT] [info] [device.cpp:49] [Device] OS Version: Linux 6.12.20+rpt-rpi-2712 #1 SMP PREEMPT Debian 1:6.12.20-1+rpt1~bpo12+1 (2025-03-19) aarch64
[2025-05-27 11:32:11.958] [7777] [HailoRT] [info] [control.cpp:108] [control__parse_identify_results] firmware_version is: 4.20.0
[2025-05-27 11:32:11.959] [7777] [HailoRT] [info] [control.cpp:108] [control__parse_identify_results] firmware_version is: 4.20.0
[2025-05-27 11:33:32.532] [7788] [HailoRT] [info] [vdevice.cpp:523] [create] Creating vdevice with params: device_count: 1, scheduling_algorithm: NONE, multi_process_service: false
[2025-05-27 11:33:32.544] [7788] [HailoRT] [info] [device.cpp:49] [Device] OS Version: Linux 6.12.20+rpt-rpi-2712 #1 SMP PREEMPT Debian 1:6.12.20-1+rpt1~bpo12+1 (2025-03-19) aarch64
[2025-05-27 11:33:32.545] [7788] [HailoRT] [info] [control.cpp:108] [control__parse_identify_results] firmware_version is: 4.20.0
[2025-05-27 11:33:32.545] [7788] [HailoRT] [info] [vdevice.cpp:651] [create] VDevice Infos: 0001:01:00.0
[2025-05-27 11:33:32.603] [7788] [HailoRT] [info] [device.cpp:49] [Device] OS Version: Linux 6.12.20+rpt-rpi-2712 #1 SMP PREEMPT Debian 1:6.12.20-1+rpt1~bpo12+1 (2025-03-19) aarch64
[2025-05-27 11:33:32.604] [7788] [HailoRT] [info] [control.cpp:108] [control__parse_identify_results] firmware_version is: 4.20.0
[2025-05-27 11:33:32.605] [7788] [HailoRT] [info] [control.cpp:108] [control__parse_identify_results] firmware_version is: 4.20.0
[2025-05-27 11:34:30.894] [7804] [HailoRT] [info] [device.cpp:49] [Device] OS Version: Linux 6.12.20+rpt-rpi-2712 #1 SMP PREEMPT Debian 1:6.12.20-1+rpt1~bpo12+1 (2025-03-19) aarch64
[2025-05-27 11:34:30.895] [7804] [HailoRT] [info] [control.cpp:108] [control__parse_identify_results] firmware_version is: 4.20.0
[2025-05-27 11:34:30.897] [7804] [HailoRT] [info] [control.cpp:108] [control__parse_identify_results] firmware_version is: 4.20.0
[2025-05-27 11:35:14.115] [7814] [HailoRT] [info] [vdevice.cpp:523] [create] Creating vdevice with params: device_count: 1, scheduling_algorithm: NONE, multi_process_service: false
[2025-05-27 11:35:14.128] [7814] [HailoRT] [info] [device.cpp:49] [Device] OS Version: Linux 6.12.20+rpt-rpi-2712 #1 SMP PREEMPT Debian 1:6.12.20-1+rpt1~bpo12+1 (2025-03-19) aarch64
[2025-05-27 11:35:14.129] [7814] [HailoRT] [info] [control.cpp:108] [control__parse_identify_results] firmware_version is: 4.20.0
[2025-05-27 11:35:14.129] [7814] [HailoRT] [info] [vdevice.cpp:651] [create] VDevice Infos: 0001:01:00.0
[2025-05-27 11:35:14.210] [7814] [HailoRT] [warning] [device_internal.cpp:616] [check_hef_is_compatible] HEF was compiled for Hailo8L device, while the device itself is Hailo8. This will result in lower performance.
[2025-05-27 11:35:14.210] [7814] [HailoRT] [warning] [device_internal.cpp:616] [check_hef_is_compatible] HEF was compiled for Hailo8L device, while the device itself is Hailo8. This will result in lower performance.
[2025-05-27 11:35:14.219] [7814] [HailoRT] [info] [internal_buffer_manager.cpp:204] [print_execution_results] Planned internal buffer memory: CMA memory 0, user memory 2870784. memory to edge layer usage factor is 0.82334805
[2025-05-27 11:35:14.219] [7814] [HailoRT] [info] [internal_buffer_manager.cpp:212] [print_execution_results] Default Internal buffer planner executed successfully
[2025-05-27 11:35:14.246] [7814] [HailoRT] [info] [device_internal.cpp:57] [configure] Configuring HEF took 35.871723 milliseconds
[2025-05-27 11:35:14.246] [7814] [HailoRT] [info] [vdevice.cpp:749] [configure] Configuring HEF on VDevice took 36.309545 milliseconds
[2025-05-27 11:40:47.826] [7833] [HailoRT] [info] [vdevice.cpp:523] [create] Creating vdevice with params: device_count: 1, scheduling_algorithm: NONE, multi_process_service: false
[2025-05-27 11:40:47.839] [7833] [HailoRT] [info] [device.cpp:49] [Device] OS Version: Linux 6.12.20+rpt-rpi-2712 #1 SMP PREEMPT Debian 1:6.12.20-1+rpt1~bpo12+1 (2025-03-19) aarch64
[2025-05-27 11:40:47.840] [7833] [HailoRT] [info] [control.cpp:108] [control__parse_identify_results] firmware_version is: 4.20.0
[2025-05-27 11:40:47.840] [7833] [HailoRT] [info] [vdevice.cpp:651] [create] VDevice Infos: 0001:01:00.0
[2025-05-27 11:40:47.920] [7833] [HailoRT] [warning] [device_internal.cpp:616] [check_hef_is_compatible] HEF was compiled for Hailo8L device, while the device itself is Hailo8. This will result in lower performance.
[2025-05-27 11:40:47.921] [7833] [HailoRT] [warning] [device_internal.cpp:616] [check_hef_is_compatible] HEF was compiled for Hailo8L device, while the device itself is Hailo8. This will result in lower performance.
[2025-05-27 11:40:47.927] [7833] [HailoRT] [info] [internal_buffer_manager.cpp:204] [print_execution_results] Planned internal buffer memory: CMA memory 0, user memory 2870784. memory to edge layer usage factor is 0.82334805
[2025-05-27 11:40:47.927] [7833] [HailoRT] [info] [internal_buffer_manager.cpp:212] [print_execution_results] Default Internal buffer planner executed successfully
[2025-05-27 11:40:47.954] [7833] [HailoRT] [info] [device_internal.cpp:57] [configure] Configuring HEF took 32.876797 milliseconds
[2025-05-27 11:40:47.954] [7833] [HailoRT] [info] [vdevice.cpp:749] [configure] Configuring HEF on VDevice took 33.485953 milliseconds
[2025-05-27 11:42:27.007] [7847] [HailoRT] [info] [vdevice.cpp:523] [create] Creating vdevice with params: device_count: 1, scheduling_algorithm: NONE, multi_process_service: false
[2025-05-27 11:42:27.019] [7847] [HailoRT] [info] [device.cpp:49] [Device] OS Version: Linux 6.12.20+rpt-rpi-2712 #1 SMP PREEMPT Debian 1:6.12.20-1+rpt1~bpo12+1 (2025-03-19) aarch64
[2025-05-27 11:42:27.021] [7847] [HailoRT] [info] [control.cpp:108] [control__parse_identify_results] firmware_version is: 4.20.0
[2025-05-27 11:42:27.021] [7847] [HailoRT] [info] [vdevice.cpp:651] [create] VDevice Infos: 0001:01:00.0
[2025-05-27 11:42:27.104] [7847] [HailoRT] [warning] [device_internal.cpp:616] [check_hef_is_compatible] HEF was compiled for Hailo8L device, while the device itself is Hailo8. This will result in lower performance.
[2025-05-27 11:42:27.104] [7847] [HailoRT] [warning] [device_internal.cpp:616] [check_hef_is_compatible] HEF was compiled for Hailo8L device, while the device itself is Hailo8. This will result in lower performance.
[2025-05-27 11:42:27.110] [7847] [HailoRT] [info] [internal_buffer_manager.cpp:204] [print_execution_results] Planned internal buffer memory: CMA memory 0, user memory 2870784. memory to edge layer usage factor is 0.82334805
[2025-05-27 11:42:27.110] [7847] [HailoRT] [info] [internal_buffer_manager.cpp:212] [print_execution_results] Default Internal buffer planner executed successfully
[2025-05-27 11:42:27.145] [7847] [HailoRT] [info] [device_internal.cpp:57] [configure] Configuring HEF took 40.329836 milliseconds
[2025-05-27 11:42:27.145] [7847] [HailoRT] [info] [vdevice.cpp:749] [configure] Configuring HEF on VDevice took 40.7561 milliseconds
[2025-05-27 11:42:56.913] [7856] [HailoRT] [info] [vdevice.cpp:523] [create] Creating vdevice with params: device_count: 1, scheduling_algorithm: NONE, multi_process_service: false
[2025-05-27 11:42:56.925] [7856] [HailoRT] [info] [device.cpp:49] [Device] OS Version: Linux 6.12.20+rpt-rpi-2712 #1 SMP PREEMPT Debian 1:6.12.20-1+rpt1~bpo12+1 (2025-03-19) aarch64
[2025-05-27 11:42:56.926] [7856] [HailoRT] [info] [control.cpp:108] [control__parse_identify_results] firmware_version is: 4.20.0
[2025-05-27 11:42:56.926] [7856] [HailoRT] [info] [vdevice.cpp:651] [create] VDevice Infos: 0001:01:00.0
[2025-05-27 11:42:57.010] [7856] [HailoRT] [warning] [device_internal.cpp:616] [check_hef_is_compatible] HEF was compiled for Hailo8L device, while the device itself is Hailo8. This will result in lower performance.
[2025-05-27 11:42:57.010] [7856] [HailoRT] [warning] [device_internal.cpp:616] [check_hef_is_compatible] HEF was compiled for Hailo8L device, while the device itself is Hailo8. This will result in lower performance.
[2025-05-27 11:42:57.016] [7856] [HailoRT] [info] [internal_buffer_manager.cpp:204] [print_execution_results] Planned internal buffer memory: CMA memory 0, user memory 2870784. memory to edge layer usage factor is 0.82334805
[2025-05-27 11:42:57.016] [7856] [HailoRT] [info] [internal_buffer_manager.cpp:212] [print_execution_results] Default Internal buffer planner executed successfully
[2025-05-27 11:42:57.048] [7856] [HailoRT] [info] [device_internal.cpp:57] [configure] Configuring HEF took 37.332252 milliseconds
[2025-05-27 11:42:57.048] [7856] [HailoRT] [info] [vdevice.cpp:749] [configure] Configuring HEF on VDevice took 37.747813 milliseconds
[2025-05-27 11:48:17.545] [7884] [HailoRT] [info] [vdevice.cpp:523] [create] Creating vdevice with params: device_count: 1, scheduling_algorithm: NONE, multi_process_service: false
[2025-05-27 11:48:17.557] [7884] [HailoRT] [info] [device.cpp:49] [Device] OS Version: Linux 6.12.20+rpt-rpi-2712 #1 SMP PREEMPT Debian 1:6.12.20-1+rpt1~bpo12+1 (2025-03-19) aarch64
[2025-05-27 11:48:17.558] [7884] [HailoRT] [info] [control.cpp:108] [control__parse_identify_results] firmware_version is: 4.20.0
[2025-05-27 11:48:17.558] [7884] [HailoRT] [info] [vdevice.cpp:651] [create] VDevice Infos: 0001:01:00.0
[2025-05-27 11:48:17.638] [7884] [HailoRT] [warning] [device_internal.cpp:616] [check_hef_is_compatible] HEF was compiled for Hailo8L device, while the device itself is Hailo8. This will result in lower performance.
[2025-05-27 11:48:17.639] [7884] [HailoRT] [warning] [device_internal.cpp:616] [check_hef_is_compatible] HEF was compiled for Hailo8L device, while the device itself is Hailo8. This will result in lower performance.
[2025-05-27 11:48:17.645] [7884] [HailoRT] [info] [internal_buffer_manager.cpp:204] [print_execution_results] Planned internal buffer memory: CMA memory 0, user memory 2870784. memory to edge layer usage factor is 0.82334805
[2025-05-27 11:48:17.645] [7884] [HailoRT] [info] [internal_buffer_manager.cpp:212] [print_execution_results] Default Internal buffer planner executed successfully
[2025-05-27 11:48:17.673] [7884] [HailoRT] [info] [device_internal.cpp:57] [configure] Configuring HEF took 34.281074 milliseconds
[2025-05-27 11:48:17.673] [7884] [HailoRT] [info] [vdevice.cpp:749] [configure] Configuring HEF on VDevice took 35.205158 milliseconds
[2025-05-27 11:54:16.612] [7912] [HailoRT] [info] [device.cpp:49] [Device] OS Version: Linux 6.12.20+rpt-rpi-2712 #1 SMP PREEMPT Debian 1:6.12.20-1+rpt1~bpo12+1 (2025-03-19) aarch64
[2025-05-27 11:54:16.614] [7912] [HailoRT] [info] [control.cpp:108] [control__parse_identify_results] firmware_version is: 4.20.0
[2025-05-27 11:54:16.615] [7912] [HailoRT] [info] [control.cpp:108] [control__parse_identify_results] firmware_version is: 4.20.0
[2025-05-27 11:54:16.686] [7909] [HailoRT] [info] [vdevice.cpp:523] [create] Creating vdevice with params: device_count: 1, scheduling_algorithm: ROUND_ROBIN, multi_process_service: false
[2025-05-27 11:54:16.697] [7909] [HailoRT] [info] [device.cpp:49] [Device] OS Version: Linux 6.12.20+rpt-rpi-2712 #1 SMP PREEMPT Debian 1:6.12.20-1+rpt1~bpo12+1 (2025-03-19) aarch64
[2025-05-27 11:54:16.698] [7909] [HailoRT] [info] [control.cpp:108] [control__parse_identify_results] firmware_version is: 4.20.0
[2025-05-27 11:54:16.698] [7909] [HailoRT] [info] [vdevice.cpp:651] [create] VDevice Infos: 0001:01:00.0
[2025-05-27 11:54:16.804] [7909] [HailoRT] [info] [hef.cpp:1929] [get_network_group_and_network_name] No name was given. Addressing all networks of default network_group: yolov8m
[2025-05-27 11:54:16.804] [7909] [HailoRT] [info] [hef.cpp:1929] [get_network_group_and_network_name] No name was given. Addressing all networks of default network_group: yolov8m
[2025-05-27 11:54:19.448] [7935] [HailoRT] [info] [internal_buffer_manager.cpp:204] [print_execution_results] Planned internal buffer memory: CMA memory 0, user memory 7070208. memory to edge layer usage factor is 1
[2025-05-27 11:54:19.448] [7935] [HailoRT] [info] [internal_buffer_manager.cpp:212] [print_execution_results] Default Internal buffer planner executed successfully
[2025-05-27 11:54:19.616] [7935] [HailoRT] [info] [device_internal.cpp:57] [configure] Configuring HEF took 187.207009 milliseconds
[2025-05-27 11:54:19.616] [7935] [HailoRT] [info] [vdevice.cpp:749] [configure] Configuring HEF on VDevice took 187.59116 milliseconds
[2025-05-27 11:54:19.616] [7935] [HailoRT] [info] [infer_model.cpp:436] [configure] Configuring network group 'yolov8m' with params: batch size: 2, power mode: PERFORMANCE, latency: NONE
[2025-05-27 11:54:19.616] [7935] [HailoRT] [info] [multi_io_elements.cpp:756] [create] Created (AsyncHwEl)
[2025-05-27 11:54:19.616] [7935] [HailoRT] [info] [queue_elements.cpp:450] [create] Created (EntryPushQEl0yolov8m/input_layer1 | timeout: 10s)
[2025-05-27 11:54:19.616] [7935] [HailoRT] [info] [filter_elements.cpp:101] [create] Created (PreInferEl1yolov8m/input_layer1 | Reorder - src_order: RGB4, src_shape: (640, 640, 3), dst_order: NHCW, dst_shape: (640, 640, 3))
[2025-05-27 11:54:19.621] [7935] [HailoRT] [info] [queue_elements.cpp:450] [create] Created (PushQEl1yolov8m/input_layer1 | timeout: 10s)
[2025-05-27 11:54:19.622] [7935] [HailoRT] [info] [multi_io_elements.cpp:135] [create] Created (NmsPPMuxEl0YOLOV8-Post-Process | Op YOLOV8, Name: YOLOV8-Post-Process, Score threshold: 0.300, IoU threshold: 0.45, Classes: 80, Cross classes: false, NMS results order: BY_CLASS, Max bboxes per class: 100, Image height: 640, Image width: 640)
[2025-05-27 11:54:19.625] [7935] [HailoRT] [info] [queue_elements.cpp:942] [create] Created (MultiPushQEl0YOLOV8-Post-Process | timeout: 10s)
[2025-05-27 11:54:19.625] [7935] [HailoRT] [info] [edge_elements.cpp:187] [create] Created (LastAsyncEl0NmsPPMuxEl0YOLOV8-Post-Process)
[2025-05-27 11:54:19.625] [7935] [HailoRT] [info] [pipeline.cpp:891] [print_deep_description] EntryPushQEl0yolov8m/input_layer1 | inputs: user | outputs: PreInferEl1yolov8m/input_layer1(running in thread_id: 7955)
[2025-05-27 11:54:19.625] [7935] [HailoRT] [info] [pipeline.cpp:891] [print_deep_description] PreInferEl1yolov8m/input_layer1 | inputs: EntryPushQEl0yolov8m/input_layer1[0] | outputs: PushQEl1yolov8m/input_layer1
[2025-05-27 11:54:19.625] [7935] [HailoRT] [info] [pipeline.cpp:891] [print_deep_description] PushQEl1yolov8m/input_layer1 | inputs: PreInferEl1yolov8m/input_layer1[0] | outputs: AsyncHwEl(running in thread_id: 7956)
[2025-05-27 11:54:19.625] [7935] [HailoRT] [info] [pipeline.cpp:891] [print_deep_description] AsyncHwEl | inputs: PushQEl1yolov8m/input_layer1[0] | outputs: MultiPushQEl0YOLOV8-Post-Process MultiPushQEl0YOLOV8-Post-Process MultiPushQEl0YOLOV8-Post-Process MultiPushQEl0YOLOV8-Post-Process MultiPushQEl0YOLOV8-Post-Process MultiPushQEl0YOLOV8-Post-Process
[2025-05-27 11:54:19.625] [7935] [HailoRT] [info] [pipeline.cpp:891] [print_deep_description] MultiPushQEl0YOLOV8-Post-Process | inputs: AsyncHwEl[0] AsyncHwEl[1] AsyncHwEl[2] AsyncHwEl[3] AsyncHwEl[4] AsyncHwEl[5] | outputs: NmsPPMuxEl0YOLOV8-Post-Process(running in thread_id: 7957)
[2025-05-27 11:54:19.625] [7935] [HailoRT] [info] [pipeline.cpp:891] [print_deep_description] NmsPPMuxEl0YOLOV8-Post-Process | inputs: MultiPushQEl0YOLOV8-Post-Process[0] | outputs: LastAsyncEl0NmsPPMuxEl0YOLOV8-Post-Process
[2025-05-27 11:54:19.625] [7935] [HailoRT] [info] [pipeline.cpp:891] [print_deep_description] LastAsyncEl0NmsPPMuxEl0YOLOV8-Post-Process | inputs: NmsPPMuxEl0YOLOV8-Post-Process[0] | outputs: user
[2025-05-27 11:54:19.667] [7935] [HailoRT] [info] [hef.cpp:1929] [get_network_group_and_network_name] No name was given. Addressing all networks of default network_group: yolov8m
[2025-05-27 11:54:20.061] [7909] [HailoRT] [info] [async_infer_runner.cpp:86] [shutdown] Pipeline was aborted. Shutting it down
[2025-05-27 11:54:20.062] [7925] [HailoRT] [info] [network_group.cpp:857] [operator()] Infer request was aborted by user
[2025-05-27 11:54:20.062] [7925] [HailoRT] [info] [network_group.cpp:857] [operator()] Infer request was aborted by user
[2025-05-27 11:54:20.062] [7925] [HailoRT] [info] [network_group.cpp:857] [operator()] Infer request was aborted by user
[2025-05-27 11:54:20.062] [7925] [HailoRT] [info] [network_group.cpp:857] [operator()] Infer request was aborted by user
[2025-05-27 11:54:20.062] [7925] [HailoRT] [info] [network_group.cpp:857] [operator()] Infer request was aborted by user
[2025-05-27 11:54:20.062] [7925] [HailoRT] [info] [network_group.cpp:857] [operator()] Infer request was aborted by user
[2025-05-27 11:54:20.062] [7925] [HailoRT] [info] [network_group.cpp:857] [operator()] Infer request was aborted by user
[2025-05-27 11:54:20.062] [7925] [HailoRT] [info] [network_group.cpp:857] [operator()] Infer request was aborted by user
[2025-05-27 11:54:20.062] [7909] [HailoRT] [info] [queue_elements.cpp:1131] [execute_deactivate] enqueue() in element MultiPushQEl0YOLOV8-Post-Process was aborted, got status = HAILO_SHUTDOWN_EVENT_SIGNALED(57)
[2025-05-27 11:54:20.062] [7909] [HailoRT] [info] [queue_elements.cpp:1131] [execute_deactivate] enqueue() in element MultiPushQEl0YOLOV8-Post-Process was aborted, got status = HAILO_SHUTDOWN_EVENT_SIGNALED(57)
[2025-05-27 11:54:20.062] [7909] [HailoRT] [info] [queue_elements.cpp:1131] [execute_deactivate] enqueue() in element MultiPushQEl0YOLOV8-Post-Process was aborted, got status = HAILO_SHUTDOWN_EVENT_SIGNALED(57)
[2025-05-27 11:54:20.062] [7909] [HailoRT] [info] [queue_elements.cpp:1131] [execute_deactivate] enqueue() in element MultiPushQEl0YOLOV8-Post-Process was aborted, got status = HAILO_SHUTDOWN_EVENT_SIGNALED(57)
[2025-05-27 11:54:20.062] [7909] [HailoRT] [info] [queue_elements.cpp:1131] [execute_deactivate] enqueue() in element MultiPushQEl0YOLOV8-Post-Process was aborted, got status = HAILO_SHUTDOWN_EVENT_SIGNALED(57)
[2025-05-27 11:54:20.062] [7909] [HailoRT] [info] [queue_elements.cpp:1131] [execute_deactivate] enqueue() in element MultiPushQEl0YOLOV8-Post-Process was aborted, got status = HAILO_SHUTDOWN_EVENT_SIGNALED(57)
[2025-05-27 11:54:20.062] [7909] [HailoRT] [info] [queue_elements.cpp:570] [execute_deactivate] enqueue() in element PushQEl1yolov8m/input_layer1 was aborted, got status = HAILO_SHUTDOWN_EVENT_SIGNALED(57)
[2025-05-27 11:54:20.062] [7909] [HailoRT] [info] [queue_elements.cpp:570] [execute_deactivate] enqueue() in element EntryPushQEl0yolov8m/input_layer1 was aborted, got status = HAILO_SHUTDOWN_EVENT_SIGNALED(57)
[2025-05-27 11:54:20.062] [7909] [HailoRT] [info] [queue_elements.cpp:46] [~BaseQueueElement] Queue element EntryPushQEl0yolov8m/input_layer1 has 0 frames in his Queue on destruction
[2025-05-27 11:54:20.062] [7909] [HailoRT] [info] [queue_elements.cpp:46] [~BaseQueueElement] Queue element PushQEl1yolov8m/input_layer1 has 0 frames in his Queue on destruction
[2025-05-27 11:54:35.729] [7963] [HailoRT] [info] [device.cpp:49] [Device] OS Version: Linux 6.12.20+rpt-rpi-2712 #1 SMP PREEMPT Debian 1:6.12.20-1+rpt1~bpo12+1 (2025-03-19) aarch64
[2025-05-27 11:54:35.730] [7963] [HailoRT] [info] [control.cpp:108] [control__parse_identify_results] firmware_version is: 4.20.0
[2025-05-27 11:54:35.731] [7963] [HailoRT] [info] [control.cpp:108] [control__parse_identify_results] firmware_version is: 4.20.0
[2025-05-27 11:54:35.793] [7960] [HailoRT] [info] [vdevice.cpp:523] [create] Creating vdevice with params: device_count: 1, scheduling_algorithm: ROUND_ROBIN, multi_process_service: false
[2025-05-27 11:54:35.805] [7960] [HailoRT] [info] [device.cpp:49] [Device] OS Version: Linux 6.12.20+rpt-rpi-2712 #1 SMP PREEMPT Debian 1:6.12.20-1+rpt1~bpo12+1 (2025-03-19) aarch64
[2025-05-27 11:54:35.807] [7960] [HailoRT] [info] [control.cpp:108] [control__parse_identify_results] firmware_version is: 4.20.0
[2025-05-27 11:54:35.807] [7960] [HailoRT] [info] [vdevice.cpp:651] [create] VDevice Infos: 0001:01:00.0
[2025-05-27 11:54:35.984] [7960] [HailoRT] [info] [hef.cpp:1929] [get_network_group_and_network_name] No name was given. Addressing all networks of default network_group: yolov8m
[2025-05-27 11:54:35.984] [7960] [HailoRT] [info] [hef.cpp:1929] [get_network_group_and_network_name] No name was given. Addressing all networks of default network_group: yolov8m
[2025-05-27 11:54:36.156] [7988] [HailoRT] [info] [internal_buffer_manager.cpp:204] [print_execution_results] Planned internal buffer memory: CMA memory 0, user memory 7070208. memory to edge layer usage factor is 1
[2025-05-27 11:54:36.156] [7988] [HailoRT] [info] [internal_buffer_manager.cpp:212] [print_execution_results] Default Internal buffer planner executed successfully
[2025-05-27 11:54:36.213] [7988] [HailoRT] [info] [device_internal.cpp:57] [configure] Configuring HEF took 98.428134 milliseconds
[2025-05-27 11:54:36.214] [7988] [HailoRT] [info] [vdevice.cpp:749] [configure] Configuring HEF on VDevice took 98.797416 milliseconds
[2025-05-27 11:54:36.214] [7988] [HailoRT] [info] [infer_model.cpp:436] [configure] Configuring network group 'yolov8m' with params: batch size: 2, power mode: PERFORMANCE, latency: NONE
[2025-05-27 11:54:36.214] [7988] [HailoRT] [info] [multi_io_elements.cpp:756] [create] Created (AsyncHwEl)
[2025-05-27 11:54:36.218] [7988] [HailoRT] [info] [queue_elements.cpp:450] [create] Created (EntryPushQEl0yolov8m/input_layer1 | timeout: 10s)
[2025-05-27 11:54:36.218] [7988] [HailoRT] [info] [filter_elements.cpp:101] [create] Created (PreInferEl1yolov8m/input_layer1 | Reorder - src_order: RGB4, src_shape: (640, 640, 3), dst_order: NHCW, dst_shape: (640, 640, 3))
[2025-05-27 11:54:36.221] [7988] [HailoRT] [info] [queue_elements.cpp:450] [create] Created (PushQEl1yolov8m/input_layer1 | timeout: 10s)
[2025-05-27 11:54:36.221] [7988] [HailoRT] [info] [multi_io_elements.cpp:135] [create] Created (NmsPPMuxEl0YOLOV8-Post-Process | Op YOLOV8, Name: YOLOV8-Post-Process, Score threshold: 0.300, IoU threshold: 0.45, Classes: 80, Cross classes: false, NMS results order: BY_CLASS, Max bboxes per class: 100, Image height: 640, Image width: 640)
[2025-05-27 11:54:36.221] [7988] [HailoRT] [info] [queue_elements.cpp:942] [create] Created (MultiPushQEl0YOLOV8-Post-Process | timeout: 10s)
[2025-05-27 11:54:36.221] [7988] [HailoRT] [info] [edge_elements.cpp:187] [create] Created (LastAsyncEl0NmsPPMuxEl0YOLOV8-Post-Process)
[2025-05-27 11:54:36.221] [7988] [HailoRT] [info] [pipeline.cpp:891] [print_deep_description] EntryPushQEl0yolov8m/input_layer1 | inputs: user | outputs: PreInferEl1yolov8m/input_layer1(running in thread_id: 8011)
[2025-05-27 11:54:36.221] [7988] [HailoRT] [info] [pipeline.cpp:891] [print_deep_description] PreInferEl1yolov8m/input_layer1 | inputs: EntryPushQEl0yolov8m/input_layer1[0] | outputs: PushQEl1yolov8m/input_layer1
[2025-05-27 11:54:36.221] [7988] [HailoRT] [info] [pipeline.cpp:891] [print_deep_description] PushQEl1yolov8m/input_layer1 | inputs: PreInferEl1yolov8m/input_layer1[0] | outputs: AsyncHwEl(running in thread_id: 8012)
[2025-05-27 11:54:36.221] [7988] [HailoRT] [info] [pipeline.cpp:891] [print_deep_description] AsyncHwEl | inputs: PushQEl1yolov8m/input_layer1[0] | outputs: MultiPushQEl0YOLOV8-Post-Process MultiPushQEl0YOLOV8-Post-Process MultiPushQEl0YOLOV8-Post-Process MultiPushQEl0YOLOV8-Post-Process MultiPushQEl0YOLOV8-Post-Process MultiPushQEl0YOLOV8-Post-Process
[2025-05-27 11:54:36.221] [7988] [HailoRT] [info] [pipeline.cpp:891] [print_deep_description] MultiPushQEl0YOLOV8-Post-Process | inputs: AsyncHwEl[0] AsyncHwEl[1] AsyncHwEl[2] AsyncHwEl[3] AsyncHwEl[4] AsyncHwEl[5] | outputs: NmsPPMuxEl0YOLOV8-Post-Process(running in thread_id: 8013)
[2025-05-27 11:54:36.221] [7988] [HailoRT] [info] [pipeline.cpp:891] [print_deep_description] NmsPPMuxEl0YOLOV8-Post-Process | inputs: MultiPushQEl0YOLOV8-Post-Process[0] | outputs: LastAsyncEl0NmsPPMuxEl0YOLOV8-Post-Process
[2025-05-27 11:54:36.221] [7988] [HailoRT] [info] [pipeline.cpp:891] [print_deep_description] LastAsyncEl0NmsPPMuxEl0YOLOV8-Post-Process | inputs: NmsPPMuxEl0YOLOV8-Post-Process[0] | outputs: user
[2025-05-27 11:54:36.232] [7988] [HailoRT] [info] [hef.cpp:1929] [get_network_group_and_network_name] No name was given. Addressing all networks of default network_group: yolov8m
[2025-05-27 12:03:31.929] [8066] [HailoRT] [info] [device.cpp:49] [Device] OS Version: Linux 6.12.20+rpt-rpi-2712 #1 SMP PREEMPT Debian 1:6.12.20-1+rpt1~bpo12+1 (2025-03-19) aarch64
[2025-05-27 12:03:31.930] [8066] [HailoRT] [info] [control.cpp:108] [control__parse_identify_results] firmware_version is: 4.20.0
[2025-05-27 12:03:31.931] [8066] [HailoRT] [info] [control.cpp:108] [control__parse_identify_results] firmware_version is: 4.20.0
[2025-05-27 12:03:32.021] [8063] [HailoRT] [info] [vdevice.cpp:523] [create] Creating vdevice with params: device_count: 1, scheduling_algorithm: ROUND_ROBIN, multi_process_service: false
[2025-05-27 12:03:32.021] [8063] [HailoRT] [info] [device.cpp:49] [Device] OS Version: Linux 6.12.20+rpt-rpi-2712 #1 SMP PREEMPT Debian 1:6.12.20-1+rpt1~bpo12+1 (2025-03-19) aarch64
[2025-05-27 12:03:32.024] [8063] [HailoRT] [info] [control.cpp:108] [control__parse_identify_results] firmware_version is: 4.20.0
[2025-05-27 12:03:32.045] [8063] [HailoRT] [error] [vdevice.cpp:820] [create_devices] CHECK failed - Failed to create vdevice. there are not enough free devices. requested: 1, found: 0
[2025-05-27 12:03:32.046] [8063] [HailoRT] [error] [vdevice.cpp:631] [create] CHECK_SUCCESS failed with status=HAILO_OUT_OF_PHYSICAL_DEVICES(74)
[2025-05-27 12:03:32.046] [8063] [HailoRT] [error] [shared_resource_manager.hpp:81] [register_resource] CHECK_SUCCESS failed with status=HAILO_OUT_OF_PHYSICAL_DEVICES(74)
[2025-05-27 12:03:32.046] [8063] [HailoRT] [error] [vdevice.cpp:132] [create] CHECK_SUCCESS failed with status=HAILO_OUT_OF_PHYSICAL_DEVICES(74)
[2025-05-27 12:03:32.047] [8063] [HailoRT] [error] [vdevice.cpp:554] [create] CHECK_SUCCESS failed with status=HAILO_OUT_OF_PHYSICAL_DEVICES(74)
[2025-05-27 12:03:39.916] [8110] [HailoRT] [info] [device.cpp:49] [Device] OS Version: Linux 6.12.20+rpt-rpi-2712 #1 SMP PREEMPT Debian 1:6.12.20-1+rpt1~bpo12+1 (2025-03-19) aarch64
[2025-05-27 12:03:39.918] [8110] [HailoRT] [info] [control.cpp:108] [control__parse_identify_results] firmware_version is: 4.20.0
[2025-05-27 12:03:39.919] [8110] [HailoRT] [info] [control.cpp:108] [control__parse_identify_results] firmware_version is: 4.20.0
[2025-05-27 12:03:39.978] [8107] [HailoRT] [info] [vdevice.cpp:523] [create] Creating vdevice with params: device_count: 1, scheduling_algorithm: ROUND_ROBIN, multi_process_service: false
[2025-05-27 12:03:39.979] [8107] [HailoRT] [info] [device.cpp:49] [Device] OS Version: Linux 6.12.20+rpt-rpi-2712 #1 SMP PREEMPT Debian 1:6.12.20-1+rpt1~bpo12+1 (2025-03-19) aarch64
[2025-05-27 12:03:39.980] [8107] [HailoRT] [info] [control.cpp:108] [control__parse_identify_results] firmware_version is: 4.20.0
[2025-05-27 12:03:40.005] [8107] [HailoRT] [error] [vdevice.cpp:820] [create_devices] CHECK failed - Failed to create vdevice. there are not enough free devices. requested: 1, found: 0
[2025-05-27 12:03:40.005] [8107] [HailoRT] [error] [vdevice.cpp:631] [create] CHECK_SUCCESS failed with status=HAILO_OUT_OF_PHYSICAL_DEVICES(74)
[2025-05-27 12:03:40.005] [8107] [HailoRT] [error] [shared_resource_manager.hpp:81] [register_resource] CHECK_SUCCESS failed with status=HAILO_OUT_OF_PHYSICAL_DEVICES(74)
[2025-05-27 12:03:40.005] [8107] [HailoRT] [error] [vdevice.cpp:132] [create] CHECK_SUCCESS failed with status=HAILO_OUT_OF_PHYSICAL_DEVICES(74)
[2025-05-27 12:03:40.006] [8107] [HailoRT] [error] [vdevice.cpp:554] [create] CHECK_SUCCESS failed with status=HAILO_OUT_OF_PHYSICAL_DEVICES(74)
[2025-05-27 12:03:55.822] [8154] [HailoRT] [info] [device.cpp:49] [Device] OS Version: Linux 6.12.20+rpt-rpi-2712 #1 SMP PREEMPT Debian 1:6.12.20-1+rpt1~bpo12+1 (2025-03-19) aarch64
[2025-05-27 12:03:55.824] [8154] [HailoRT] [info] [control.cpp:108] [control__parse_identify_results] firmware_version is: 4.20.0
[2025-05-27 12:03:55.827] [8154] [HailoRT] [info] [control.cpp:108] [control__parse_identify_results] firmware_version is: 4.20.0
[2025-05-27 12:03:55.884] [8151] [HailoRT] [info] [vdevice.cpp:523] [create] Creating vdevice with params: device_count: 1, scheduling_algorithm: ROUND_ROBIN, multi_process_service: false
[2025-05-27 12:03:55.884] [8151] [HailoRT] [info] [device.cpp:49] [Device] OS Version: Linux 6.12.20+rpt-rpi-2712 #1 SMP PREEMPT Debian 1:6.12.20-1+rpt1~bpo12+1 (2025-03-19) aarch64
[2025-05-27 12:03:55.886] [8151] [HailoRT] [info] [control.cpp:108] [control__parse_identify_results] firmware_version is: 4.20.0
[2025-05-27 12:03:55.909] [8151] [HailoRT] [error] [vdevice.cpp:820] [create_devices] CHECK failed - Failed to create vdevice. there are not enough free devices. requested: 1, found: 0
[2025-05-27 12:03:55.909] [8151] [HailoRT] [error] [vdevice.cpp:631] [create] CHECK_SUCCESS failed with status=HAILO_OUT_OF_PHYSICAL_DEVICES(74)
[2025-05-27 12:03:55.909] [8151] [HailoRT] [error] [shared_resource_manager.hpp:81] [register_resource] CHECK_SUCCESS failed with status=HAILO_OUT_OF_PHYSICAL_DEVICES(74)
[2025-05-27 12:03:55.909] [8151] [HailoRT] [error] [vdevice.cpp:132] [create] CHECK_SUCCESS failed with status=HAILO_OUT_OF_PHYSICAL_DEVICES(74)
[2025-05-27 12:03:55.909] [8151] [HailoRT] [error] [vdevice.cpp:554] [create] CHECK_SUCCESS failed with status=HAILO_OUT_OF_PHYSICAL_DEVICES(74)
[2025-05-27 12:16:28.927] [2571] [HailoRT] [info] [device.cpp:49] [Device] OS Version: Linux 6.12.20+rpt-rpi-2712 #1 SMP PREEMPT Debian 1:6.12.20-1+rpt1~bpo12+1 (2025-03-19) aarch64
[2025-05-27 12:16:28.929] [2571] [HailoRT] [info] [control.cpp:108] [control__parse_identify_results] firmware_version is: 4.20.0
[2025-05-27 12:16:28.930] [2571] [HailoRT] [info] [control.cpp:108] [control__parse_identify_results] firmware_version is: 4.20.0
[2025-05-27 12:16:29.001] [2568] [HailoRT] [info] [vdevice.cpp:523] [create] Creating vdevice with params: device_count: 1, scheduling_algorithm: ROUND_ROBIN, multi_process_service: false
[2025-05-27 12:16:29.012] [2568] [HailoRT] [info] [device.cpp:49] [Device] OS Version: Linux 6.12.20+rpt-rpi-2712 #1 SMP PREEMPT Debian 1:6.12.20-1+rpt1~bpo12+1 (2025-03-19) aarch64
[2025-05-27 12:16:29.014] [2568] [HailoRT] [info] [control.cpp:108] [control__parse_identify_results] firmware_version is: 4.20.0
[2025-05-27 12:16:29.014] [2568] [HailoRT] [info] [vdevice.cpp:651] [create] VDevice Infos: 0001:01:00.0
[2025-05-27 12:16:29.119] [2568] [HailoRT] [info] [hef.cpp:1929] [get_network_group_and_network_name] No name was given. Addressing all networks of default network_group: yolov8m
[2025-05-27 12:16:29.119] [2568] [HailoRT] [info] [hef.cpp:1929] [get_network_group_and_network_name] No name was given. Addressing all networks of default network_group: yolov8m
[2025-05-27 12:16:29.288] [2596] [HailoRT] [info] [internal_buffer_manager.cpp:204] [print_execution_results] Planned internal buffer memory: CMA memory 0, user memory 7070208. memory to edge layer usage factor is 1
[2025-05-27 12:16:29.288] [2596] [HailoRT] [info] [internal_buffer_manager.cpp:212] [print_execution_results] Default Internal buffer planner executed successfully
[2025-05-27 12:16:29.421] [2596] [HailoRT] [info] [device_internal.cpp:57] [configure] Configuring HEF took 142.234953 milliseconds
[2025-05-27 12:16:29.421] [2596] [HailoRT] [info] [vdevice.cpp:749] [configure] Configuring HEF on VDevice took 146.398063 milliseconds
[2025-05-27 12:16:29.421] [2596] [HailoRT] [info] [infer_model.cpp:436] [configure] Configuring network group 'yolov8m' with params: batch size: 2, power mode: PERFORMANCE, latency: NONE
[2025-05-27 12:16:29.421] [2596] [HailoRT] [info] [multi_io_elements.cpp:756] [create] Created (AsyncHwEl)
[2025-05-27 12:16:29.421] [2596] [HailoRT] [info] [queue_elements.cpp:450] [create] Created (EntryPushQEl0yolov8m/input_layer1 | timeout: 10s)
[2025-05-27 12:16:29.421] [2596] [HailoRT] [info] [filter_elements.cpp:101] [create] Created (PreInferEl1yolov8m/input_layer1 | Reorder - src_order: RGB4, src_shape: (640, 640, 3), dst_order: NHCW, dst_shape: (640, 640, 3))
[2025-05-27 12:16:29.421] [2596] [HailoRT] [info] [queue_elements.cpp:450] [create] Created (PushQEl1yolov8m/input_layer1 | timeout: 10s)
[2025-05-27 12:16:29.421] [2596] [HailoRT] [info] [multi_io_elements.cpp:135] [create] Created (NmsPPMuxEl0YOLOV8-Post-Process | Op YOLOV8, Name: YOLOV8-Post-Process, Score threshold: 0.300, IoU threshold: 0.45, Classes: 80, Cross classes: false, NMS results order: BY_CLASS, Max bboxes per class: 100, Image height: 640, Image width: 640)
[2025-05-27 12:16:29.422] [2596] [HailoRT] [info] [queue_elements.cpp:942] [create] Created (MultiPushQEl0YOLOV8-Post-Process | timeout: 10s)
[2025-05-27 12:16:29.422] [2596] [HailoRT] [info] [edge_elements.cpp:187] [create] Created (LastAsyncEl0NmsPPMuxEl0YOLOV8-Post-Process)
[2025-05-27 12:16:29.422] [2596] [HailoRT] [info] [pipeline.cpp:891] [print_deep_description] EntryPushQEl0yolov8m/input_layer1 | inputs: user | outputs: PreInferEl1yolov8m/input_layer1(running in thread_id: 2616)
[2025-05-27 12:16:29.422] [2596] [HailoRT] [info] [pipeline.cpp:891] [print_deep_description] PreInferEl1yolov8m/input_layer1 | inputs: EntryPushQEl0yolov8m/input_layer1[0] | outputs: PushQEl1yolov8m/input_layer1
[2025-05-27 12:16:29.422] [2596] [HailoRT] [info] [pipeline.cpp:891] [print_deep_description] PushQEl1yolov8m/input_layer1 | inputs: PreInferEl1yolov8m/input_layer1[0] | outputs: AsyncHwEl(running in thread_id: 2617)
[2025-05-27 12:16:29.422] [2596] [HailoRT] [info] [pipeline.cpp:891] [print_deep_description] AsyncHwEl | inputs: PushQEl1yolov8m/input_layer1[0] | outputs: MultiPushQEl0YOLOV8-Post-Process MultiPushQEl0YOLOV8-Post-Process MultiPushQEl0YOLOV8-Post-Process MultiPushQEl0YOLOV8-Post-Process MultiPushQEl0YOLOV8-Post-Process MultiPushQEl0YOLOV8-Post-Process
[2025-05-27 12:16:29.422] [2596] [HailoRT] [info] [pipeline.cpp:891] [print_deep_description] MultiPushQEl0YOLOV8-Post-Process | inputs: AsyncHwEl[0] AsyncHwEl[1] AsyncHwEl[2] AsyncHwEl[3] AsyncHwEl[4] AsyncHwEl[5] | outputs: NmsPPMuxEl0YOLOV8-Post-Process(running in thread_id: 2618)
[2025-05-27 12:16:29.422] [2596] [HailoRT] [info] [pipeline.cpp:891] [print_deep_description] NmsPPMuxEl0YOLOV8-Post-Process | inputs: MultiPushQEl0YOLOV8-Post-Process[0] | outputs: LastAsyncEl0NmsPPMuxEl0YOLOV8-Post-Process
[2025-05-27 12:16:29.422] [2596] [HailoRT] [info] [pipeline.cpp:891] [print_deep_description] LastAsyncEl0NmsPPMuxEl0YOLOV8-Post-Process | inputs: NmsPPMuxEl0YOLOV8-Post-Process[0] | outputs: user
[2025-05-27 12:16:29.442] [2596] [HailoRT] [info] [hef.cpp:1929] [get_network_group_and_network_name] No name was given. Addressing all networks of default network_group: yolov8m
[2025-05-27 12:16:38.109] [2568] [HailoRT] [info] [async_infer_runner.cpp:86] [shutdown] Pipeline was aborted. Shutting it down
[2025-05-27 12:16:38.110] [2584] [HailoRT] [info] [network_group.cpp:857] [operator()] Infer request was aborted by user
[2025-05-27 12:16:38.114] [2568] [HailoRT] [info] [queue_elements.cpp:1131] [execute_deactivate] enqueue() in element MultiPushQEl0YOLOV8-Post-Process was aborted, got status = HAILO_SHUTDOWN_EVENT_SIGNALED(57)
[2025-05-27 12:16:38.114] [2568] [HailoRT] [info] [queue_elements.cpp:1131] [execute_deactivate] enqueue() in element MultiPushQEl0YOLOV8-Post-Process was aborted, got status = HAILO_SHUTDOWN_EVENT_SIGNALED(57)
[2025-05-27 12:16:38.114] [2568] [HailoRT] [info] [queue_elements.cpp:1131] [execute_deactivate] enqueue() in element MultiPushQEl0YOLOV8-Post-Process was aborted, got status = HAILO_SHUTDOWN_EVENT_SIGNALED(57)
[2025-05-27 12:16:38.114] [2568] [HailoRT] [info] [queue_elements.cpp:1131] [execute_deactivate] enqueue() in element MultiPushQEl0YOLOV8-Post-Process was aborted, got status = HAILO_SHUTDOWN_EVENT_SIGNALED(57)
[2025-05-27 12:16:38.114] [2568] [HailoRT] [info] [queue_elements.cpp:1131] [execute_deactivate] enqueue() in element MultiPushQEl0YOLOV8-Post-Process was aborted, got status = HAILO_SHUTDOWN_EVENT_SIGNALED(57)
[2025-05-27 12:16:38.114] [2568] [HailoRT] [info] [queue_elements.cpp:1131] [execute_deactivate] enqueue() in element MultiPushQEl0YOLOV8-Post-Process was aborted, got status = HAILO_SHUTDOWN_EVENT_SIGNALED(57)
[2025-05-27 12:16:38.114] [2568] [HailoRT] [info] [queue_elements.cpp:570] [execute_deactivate] enqueue() in element PushQEl1yolov8m/input_layer1 was aborted, got status = HAILO_SHUTDOWN_EVENT_SIGNALED(57)
[2025-05-27 12:16:38.114] [2568] [HailoRT] [info] [queue_elements.cpp:570] [execute_deactivate] enqueue() in element EntryPushQEl0yolov8m/input_layer1 was aborted, got status = HAILO_SHUTDOWN_EVENT_SIGNALED(57)
[2025-05-27 12:16:38.115] [2568] [HailoRT] [info] [queue_elements.cpp:46] [~BaseQueueElement] Queue element EntryPushQEl0yolov8m/input_layer1 has 0 frames in his Queue on destruction
[2025-05-27 12:16:38.115] [2568] [HailoRT] [info] [queue_elements.cpp:46] [~BaseQueueElement] Queue element PushQEl1yolov8m/input_layer1 has 0 frames in his Queue on destruction
[2025-05-27 12:23:06.304] [2691] [HailoRT] [info] [device.cpp:49] [Device] OS Version: Linux 6.12.20+rpt-rpi-2712 #1 SMP PREEMPT Debian 1:6.12.20-1+rpt1~bpo12+1 (2025-03-19) aarch64
[2025-05-27 12:23:06.306] [2691] [HailoRT] [info] [control.cpp:108] [control__parse_identify_results] firmware_version is: 4.20.0
[2025-05-27 12:23:06.308] [2691] [HailoRT] [info] [control.cpp:108] [control__parse_identify_results] firmware_version is: 4.20.0
[2025-05-27 12:23:06.383] [2688] [HailoRT] [info] [vdevice.cpp:523] [create] Creating vdevice with params: device_count: 1, scheduling_algorithm: ROUND_ROBIN, multi_process_service: false
[2025-05-27 12:23:06.396] [2688] [HailoRT] [info] [device.cpp:49] [Device] OS Version: Linux 6.12.20+rpt-rpi-2712 #1 SMP PREEMPT Debian 1:6.12.20-1+rpt1~bpo12+1 (2025-03-19) aarch64
[2025-05-27 12:23:06.397] [2688] [HailoRT] [info] [control.cpp:108] [control__parse_identify_results] firmware_version is: 4.20.0
[2025-05-27 12:23:06.397] [2688] [HailoRT] [info] [vdevice.cpp:651] [create] VDevice Infos: 0001:01:00.0
[2025-05-27 12:23:06.503] [2688] [HailoRT] [info] [hef.cpp:1929] [get_network_group_and_network_name] No name was given. Addressing all networks of default network_group: yolov8m
[2025-05-27 12:23:06.503] [2688] [HailoRT] [info] [hef.cpp:1929] [get_network_group_and_network_name] No name was given. Addressing all networks of default network_group: yolov8m
[2025-05-27 12:23:06.610] [2716] [HailoRT] [info] [internal_buffer_manager.cpp:204] [print_execution_results] Planned internal buffer memory: CMA memory 0, user memory 7070208. memory to edge layer usage factor is 1
[2025-05-27 12:23:06.610] [2716] [HailoRT] [info] [internal_buffer_manager.cpp:212] [print_execution_results] Default Internal buffer planner executed successfully
[2025-05-27 12:23:06.744] [2716] [HailoRT] [info] [device_internal.cpp:57] [configure] Configuring HEF took 150.164472 milliseconds
[2025-05-27 12:23:06.752] [2716] [HailoRT] [info] [vdevice.cpp:749] [configure] Configuring HEF on VDevice took 158.284569 milliseconds
[2025-05-27 12:23:06.752] [2716] [HailoRT] [info] [infer_model.cpp:436] [configure] Configuring network group 'yolov8m' with params: batch size: 2, power mode: PERFORMANCE, latency: NONE
[2025-05-27 12:23:06.752] [2716] [HailoRT] [info] [multi_io_elements.cpp:756] [create] Created (AsyncHwEl)
[2025-05-27 12:23:06.752] [2716] [HailoRT] [info] [queue_elements.cpp:450] [create] Created (EntryPushQEl0yolov8m/input_layer1 | timeout: 10s)
[2025-05-27 12:23:06.753] [2716] [HailoRT] [info] [filter_elements.cpp:101] [create] Created (PreInferEl1yolov8m/input_layer1 | Reorder - src_order: RGB4, src_shape: (640, 640, 3), dst_order: NHCW, dst_shape: (640, 640, 3))
[2025-05-27 12:23:06.753] [2716] [HailoRT] [info] [queue_elements.cpp:450] [create] Created (PushQEl1yolov8m/input_layer1 | timeout: 10s)
[2025-05-27 12:23:06.753] [2716] [HailoRT] [info] [multi_io_elements.cpp:135] [create] Created (NmsPPMuxEl0YOLOV8-Post-Process | Op YOLOV8, Name: YOLOV8-Post-Process, Score threshold: 0.300, IoU threshold: 0.45, Classes: 80, Cross classes: false, NMS results order: BY_CLASS, Max bboxes per class: 100, Image height: 640, Image width: 640)
[2025-05-27 12:23:06.754] [2716] [HailoRT] [info] [queue_elements.cpp:942] [create] Created (MultiPushQEl0YOLOV8-Post-Process | timeout: 10s)
[2025-05-27 12:23:06.754] [2716] [HailoRT] [info] [edge_elements.cpp:187] [create] Created (LastAsyncEl0NmsPPMuxEl0YOLOV8-Post-Process)
[2025-05-27 12:23:06.754] [2716] [HailoRT] [info] [pipeline.cpp:891] [print_deep_description] EntryPushQEl0yolov8m/input_layer1 | inputs: user | outputs: PreInferEl1yolov8m/input_layer1(running in thread_id: 2736)
[2025-05-27 12:23:06.754] [2716] [HailoRT] [info] [pipeline.cpp:891] [print_deep_description] PreInferEl1yolov8m/input_layer1 | inputs: EntryPushQEl0yolov8m/input_layer1[0] | outputs: PushQEl1yolov8m/input_layer1
[2025-05-27 12:23:06.754] [2716] [HailoRT] [info] [pipeline.cpp:891] [print_deep_description] PushQEl1yolov8m/input_layer1 | inputs: PreInferEl1yolov8m/input_layer1[0] | outputs: AsyncHwEl(running in thread_id: 2737)
[2025-05-27 12:23:06.754] [2716] [HailoRT] [info] [pipeline.cpp:891] [print_deep_description] AsyncHwEl | inputs: PushQEl1yolov8m/input_layer1[0] | outputs: MultiPushQEl0YOLOV8-Post-Process MultiPushQEl0YOLOV8-Post-Process MultiPushQEl0YOLOV8-Post-Process MultiPushQEl0YOLOV8-Post-Process MultiPushQEl0YOLOV8-Post-Process MultiPushQEl0YOLOV8-Post-Process
[2025-05-27 12:23:06.754] [2716] [HailoRT] [info] [pipeline.cpp:891] [print_deep_description] MultiPushQEl0YOLOV8-Post-Process | inputs: AsyncHwEl[0] AsyncHwEl[1] AsyncHwEl[2] AsyncHwEl[3] AsyncHwEl[4] AsyncHwEl[5] | outputs: NmsPPMuxEl0YOLOV8-Post-Process(running in thread_id: 2738)
[2025-05-27 12:23:06.754] [2716] [HailoRT] [info] [pipeline.cpp:891] [print_deep_description] NmsPPMuxEl0YOLOV8-Post-Process | inputs: MultiPushQEl0YOLOV8-Post-Process[0] | outputs: LastAsyncEl0NmsPPMuxEl0YOLOV8-Post-Process
[2025-05-27 12:23:06.754] [2716] [HailoRT] [info] [pipeline.cpp:891] [print_deep_description] LastAsyncEl0NmsPPMuxEl0YOLOV8-Post-Process | inputs: NmsPPMuxEl0YOLOV8-Post-Process[0] | outputs: user
[2025-05-27 12:23:06.785] [2716] [HailoRT] [info] [hef.cpp:1929] [get_network_group_and_network_name] No name was given. Addressing all networks of default network_group: yolov8m
[2025-05-27 12:23:10.663] [2688] [HailoRT] [info] [async_infer_runner.cpp:86] [shutdown] Pipeline was aborted. Shutting it down
[2025-05-27 12:23:10.674] [2704] [HailoRT] [info] [network_group.cpp:857] [operator()] Infer request was aborted by user
[2025-05-27 12:23:10.685] [2688] [HailoRT] [info] [queue_elements.cpp:1131] [execute_deactivate] enqueue() in element MultiPushQEl0YOLOV8-Post-Process was aborted, got status = HAILO_SHUTDOWN_EVENT_SIGNALED(57)
[2025-05-27 12:23:10.685] [2688] [HailoRT] [info] [queue_elements.cpp:1131] [execute_deactivate] enqueue() in element MultiPushQEl0YOLOV8-Post-Process was aborted, got status = HAILO_SHUTDOWN_EVENT_SIGNALED(57)
[2025-05-27 12:23:10.685] [2688] [HailoRT] [info] [queue_elements.cpp:1131] [execute_deactivate] enqueue() in element MultiPushQEl0YOLOV8-Post-Process was aborted, got status = HAILO_SHUTDOWN_EVENT_SIGNALED(57)
[2025-05-27 12:23:10.685] [2688] [HailoRT] [info] [queue_elements.cpp:1131] [execute_deactivate] enqueue() in element MultiPushQEl0YOLOV8-Post-Process was aborted, got status = HAILO_SHUTDOWN_EVENT_SIGNALED(57)
[2025-05-27 12:23:10.685] [2688] [HailoRT] [info] [queue_elements.cpp:1131] [execute_deactivate] enqueue() in element MultiPushQEl0YOLOV8-Post-Process was aborted, got status = HAILO_SHUTDOWN_EVENT_SIGNALED(57)
[2025-05-27 12:23:10.685] [2688] [HailoRT] [info] [queue_elements.cpp:1131] [execute_deactivate] enqueue() in element MultiPushQEl0YOLOV8-Post-Process was aborted, got status = HAILO_SHUTDOWN_EVENT_SIGNALED(57)
[2025-05-27 12:23:10.685] [2688] [HailoRT] [info] [queue_elements.cpp:570] [execute_deactivate] enqueue() in element PushQEl1yolov8m/input_layer1 was aborted, got status = HAILO_SHUTDOWN_EVENT_SIGNALED(57)
[2025-05-27 12:23:10.685] [2688] [HailoRT] [info] [queue_elements.cpp:570] [execute_deactivate] enqueue() in element EntryPushQEl0yolov8m/input_layer1 was aborted, got status = HAILO_SHUTDOWN_EVENT_SIGNALED(57)
[2025-05-27 12:23:10.685] [2688] [HailoRT] [info] [queue_elements.cpp:46] [~BaseQueueElement] Queue element EntryPushQEl0yolov8m/input_layer1 has 0 frames in his Queue on destruction
[2025-05-27 12:23:10.685] [2688] [HailoRT] [info] [queue_elements.cpp:46] [~BaseQueueElement] Queue element PushQEl1yolov8m/input_layer1 has 0 frames in his Queue on destruction
[2025-05-27 12:27:38.476] [2759] [HailoRT] [info] [device.cpp:49] [Device] OS Version: Linux 6.12.20+rpt-rpi-2712 #1 SMP PREEMPT Debian 1:6.12.20-1+rpt1~bpo12+1 (2025-03-19) aarch64
[2025-05-27 12:27:38.478] [2759] [HailoRT] [info] [control.cpp:108] [control__parse_identify_results] firmware_version is: 4.20.0
[2025-05-27 12:27:38.480] [2759] [HailoRT] [info] [control.cpp:108] [control__parse_identify_results] firmware_version is: 4.20.0
[2025-05-27 12:27:38.543] [2756] [HailoRT] [info] [vdevice.cpp:523] [create] Creating vdevice with params: device_count: 1, scheduling_algorithm: ROUND_ROBIN, multi_process_service: false
[2025-05-27 12:27:38.555] [2756] [HailoRT] [info] [device.cpp:49] [Device] OS Version: Linux 6.12.20+rpt-rpi-2712 #1 SMP PREEMPT Debian 1:6.12.20-1+rpt1~bpo12+1 (2025-03-19) aarch64
[2025-05-27 12:27:38.557] [2756] [HailoRT] [info] [control.cpp:108] [control__parse_identify_results] firmware_version is: 4.20.0
[2025-05-27 12:27:38.557] [2756] [HailoRT] [info] [vdevice.cpp:651] [create] VDevice Infos: 0001:01:00.0
[2025-05-27 12:27:38.669] [2756] [HailoRT] [info] [hef.cpp:1929] [get_network_group_and_network_name] No name was given. Addressing all networks of default network_group: yolov8m
[2025-05-27 12:27:38.669] [2756] [HailoRT] [info] [hef.cpp:1929] [get_network_group_and_network_name] No name was given. Addressing all networks of default network_group: yolov8m
[2025-05-27 12:27:38.774] [2756] [HailoRT] [info] [internal_buffer_manager.cpp:204] [print_execution_results] Planned internal buffer memory: CMA memory 0, user memory 7070208. memory to edge layer usage factor is 1
[2025-05-27 12:27:38.774] [2756] [HailoRT] [info] [internal_buffer_manager.cpp:212] [print_execution_results] Default Internal buffer planner executed successfully
[2025-05-27 12:27:38.832] [2756] [HailoRT] [info] [device_internal.cpp:57] [configure] Configuring HEF took 65.895106 milliseconds
[2025-05-27 12:27:38.832] [2756] [HailoRT] [info] [vdevice.cpp:749] [configure] Configuring HEF on VDevice took 66.215424 milliseconds
[2025-05-27 12:27:38.832] [2756] [HailoRT] [info] [infer_model.cpp:436] [configure] Configuring network group 'yolov8m' with params: batch size: 2, power mode: PERFORMANCE, latency: NONE
[2025-05-27 12:27:38.832] [2756] [HailoRT] [info] [multi_io_elements.cpp:756] [create] Created (AsyncHwEl)
[2025-05-27 12:27:38.832] [2756] [HailoRT] [info] [queue_elements.cpp:450] [create] Created (EntryPushQEl0yolov8m/input_layer1 | timeout: 10s)
[2025-05-27 12:27:38.832] [2756] [HailoRT] [info] [filter_elements.cpp:101] [create] Created (PreInferEl1yolov8m/input_layer1 | Reorder - src_order: RGB4, src_shape: (640, 640, 3), dst_order: NHCW, dst_shape: (640, 640, 3))
[2025-05-27 12:27:38.832] [2756] [HailoRT] [info] [queue_elements.cpp:450] [create] Created (PushQEl1yolov8m/input_layer1 | timeout: 10s)
[2025-05-27 12:27:38.832] [2756] [HailoRT] [info] [multi_io_elements.cpp:135] [create] Created (NmsPPMuxEl0YOLOV8-Post-Process | Op YOLOV8, Name: YOLOV8-Post-Process, Score threshold: 0.300, IoU threshold: 0.45, Classes: 80, Cross classes: false, NMS results order: BY_CLASS, Max bboxes per class: 100, Image height: 640, Image width: 640)
[2025-05-27 12:27:38.833] [2756] [HailoRT] [info] [queue_elements.cpp:942] [create] Created (MultiPushQEl0YOLOV8-Post-Process | timeout: 10s)
[2025-05-27 12:27:38.833] [2756] [HailoRT] [info] [edge_elements.cpp:187] [create] Created (LastAsyncEl0NmsPPMuxEl0YOLOV8-Post-Process)
[2025-05-27 12:27:38.833] [2756] [HailoRT] [info] [pipeline.cpp:891] [print_deep_description] EntryPushQEl0yolov8m/input_layer1 | inputs: user | outputs: PreInferEl1yolov8m/input_layer1(running in thread_id: 2803)
[2025-05-27 12:27:38.833] [2756] [HailoRT] [info] [pipeline.cpp:891] [print_deep_description] PreInferEl1yolov8m/input_layer1 | inputs: EntryPushQEl0yolov8m/input_layer1[0] | outputs: PushQEl1yolov8m/input_layer1
[2025-05-27 12:27:38.833] [2756] [HailoRT] [info] [pipeline.cpp:891] [print_deep_description] PushQEl1yolov8m/input_layer1 | inputs: PreInferEl1yolov8m/input_layer1[0] | outputs: AsyncHwEl(running in thread_id: 2804)
[2025-05-27 12:27:38.833] [2756] [HailoRT] [info] [pipeline.cpp:891] [print_deep_description] AsyncHwEl | inputs: PushQEl1yolov8m/input_layer1[0] | outputs: MultiPushQEl0YOLOV8-Post-Process MultiPushQEl0YOLOV8-Post-Process MultiPushQEl0YOLOV8-Post-Process MultiPushQEl0YOLOV8-Post-Process MultiPushQEl0YOLOV8-Post-Process MultiPushQEl0YOLOV8-Post-Process
[2025-05-27 12:27:38.833] [2756] [HailoRT] [info] [pipeline.cpp:891] [print_deep_description] MultiPushQEl0YOLOV8-Post-Process | inputs: AsyncHwEl[0] AsyncHwEl[1] AsyncHwEl[2] AsyncHwEl[3] AsyncHwEl[4] AsyncHwEl[5] | outputs: NmsPPMuxEl0YOLOV8-Post-Process(running in thread_id: 2805)
[2025-05-27 12:27:38.833] [2756] [HailoRT] [info] [pipeline.cpp:891] [print_deep_description] NmsPPMuxEl0YOLOV8-Post-Process | inputs: MultiPushQEl0YOLOV8-Post-Process[0] | outputs: LastAsyncEl0NmsPPMuxEl0YOLOV8-Post-Process
[2025-05-27 12:27:38.833] [2756] [HailoRT] [info] [pipeline.cpp:891] [print_deep_description] LastAsyncEl0NmsPPMuxEl0YOLOV8-Post-Process | inputs: NmsPPMuxEl0YOLOV8-Post-Process[0] | outputs: user
[2025-05-27 12:27:39.038] [2793] [HailoRT] [info] [hef.cpp:1929] [get_network_group_and_network_name] No name was given. Addressing all networks of default network_group: yolov8m
[2025-05-27 12:51:38.704] [4070] [HailoRT] [info] [device.cpp:49] [Device] OS Version: Linux 6.12.20+rpt-rpi-2712 #1 SMP PREEMPT Debian 1:6.12.20-1+rpt1~bpo12+1 (2025-03-19) aarch64
[2025-05-27 12:51:38.706] [4070] [HailoRT] [info] [control.cpp:108] [control__parse_identify_results] firmware_version is: 4.20.0
[2025-05-27 12:51:38.707] [4070] [HailoRT] [info] [control.cpp:108] [control__parse_identify_results] firmware_version is: 4.20.0
[2025-05-27 12:51:38.771] [4067] [HailoRT] [info] [vdevice.cpp:523] [create] Creating vdevice with params: device_count: 1, scheduling_algorithm: ROUND_ROBIN, multi_process_service: false
[2025-05-27 12:51:38.783] [4067] [HailoRT] [info] [device.cpp:49] [Device] OS Version: Linux 6.12.20+rpt-rpi-2712 #1 SMP PREEMPT Debian 1:6.12.20-1+rpt1~bpo12+1 (2025-03-19) aarch64
[2025-05-27 12:51:38.786] [4067] [HailoRT] [info] [control.cpp:108] [control__parse_identify_results] firmware_version is: 4.20.0
[2025-05-27 12:51:38.786] [4067] [HailoRT] [info] [vdevice.cpp:651] [create] VDevice Infos: 0001:01:00.0
[2025-05-27 12:51:38.896] [4067] [HailoRT] [info] [hef.cpp:1929] [get_network_group_and_network_name] No name was given. Addressing all networks of default network_group: yolov8m
[2025-05-27 12:51:38.896] [4067] [HailoRT] [info] [hef.cpp:1929] [get_network_group_and_network_name] No name was given. Addressing all networks of default network_group: yolov8m
[2025-05-27 12:51:38.944] [4067] [HailoRT] [info] [internal_buffer_manager.cpp:204] [print_execution_results] Planned internal buffer memory: CMA memory 0, user memory 7070208. memory to edge layer usage factor is 1
[2025-05-27 12:51:38.944] [4067] [HailoRT] [info] [internal_buffer_manager.cpp:212] [print_execution_results] Default Internal buffer planner executed successfully
[2025-05-27 12:51:39.005] [4067] [HailoRT] [info] [device_internal.cpp:57] [configure] Configuring HEF took 74.87277 milliseconds
[2025-05-27 12:51:39.005] [4067] [HailoRT] [info] [vdevice.cpp:749] [configure] Configuring HEF on VDevice took 75.242188 milliseconds
[2025-05-27 12:51:39.005] [4067] [HailoRT] [info] [infer_model.cpp:436] [configure] Configuring network group 'yolov8m' with params: batch size: 2, power mode: PERFORMANCE, latency: NONE
[2025-05-27 12:51:39.005] [4067] [HailoRT] [info] [multi_io_elements.cpp:756] [create] Created (AsyncHwEl)
[2025-05-27 12:51:39.005] [4067] [HailoRT] [info] [queue_elements.cpp:450] [create] Created (EntryPushQEl0yolov8m/input_layer1 | timeout: 10s)
[2025-05-27 12:51:39.005] [4067] [HailoRT] [info] [filter_elements.cpp:101] [create] Created (PreInferEl1yolov8m/input_layer1 | Reorder - src_order: RGB4, src_shape: (640, 640, 3), dst_order: NHCW, dst_shape: (640, 640, 3))
[2025-05-27 12:51:39.005] [4067] [HailoRT] [info] [queue_elements.cpp:450] [create] Created (PushQEl1yolov8m/input_layer1 | timeout: 10s)
[2025-05-27 12:51:39.005] [4067] [HailoRT] [info] [multi_io_elements.cpp:135] [create] Created (NmsPPMuxEl0YOLOV8-Post-Process | Op YOLOV8, Name: YOLOV8-Post-Process, Score threshold: 0.300, IoU threshold: 0.45, Classes: 80, Cross classes: false, NMS results order: BY_CLASS, Max bboxes per class: 100, Image height: 640, Image width: 640)
[2025-05-27 12:51:39.006] [4067] [HailoRT] [info] [queue_elements.cpp:942] [create] Created (MultiPushQEl0YOLOV8-Post-Process | timeout: 10s)
[2025-05-27 12:51:39.006] [4067] [HailoRT] [info] [edge_elements.cpp:187] [create] Created (LastAsyncEl0NmsPPMuxEl0YOLOV8-Post-Process)
[2025-05-27 12:51:39.006] [4067] [HailoRT] [info] [pipeline.cpp:891] [print_deep_description] EntryPushQEl0yolov8m/input_layer1 | inputs: user | outputs: PreInferEl1yolov8m/input_layer1(running in thread_id: 4114)
[2025-05-27 12:51:39.006] [4067] [HailoRT] [info] [pipeline.cpp:891] [print_deep_description] PreInferEl1yolov8m/input_layer1 | inputs: EntryPushQEl0yolov8m/input_layer1[0] | outputs: PushQEl1yolov8m/input_layer1
[2025-05-27 12:51:39.006] [4067] [HailoRT] [info] [pipeline.cpp:891] [print_deep_description] PushQEl1yolov8m/input_layer1 | inputs: PreInferEl1yolov8m/input_layer1[0] | outputs: AsyncHwEl(running in thread_id: 4115)
[2025-05-27 12:51:39.006] [4067] [HailoRT] [info] [pipeline.cpp:891] [print_deep_description] AsyncHwEl | inputs: PushQEl1yolov8m/input_layer1[0] | outputs: MultiPushQEl0YOLOV8-Post-Process MultiPushQEl0YOLOV8-Post-Process MultiPushQEl0YOLOV8-Post-Process MultiPushQEl0YOLOV8-Post-Process MultiPushQEl0YOLOV8-Post-Process MultiPushQEl0YOLOV8-Post-Process
[2025-05-27 12:51:39.006] [4067] [HailoRT] [info] [pipeline.cpp:891] [print_deep_description] MultiPushQEl0YOLOV8-Post-Process | inputs: AsyncHwEl[0] AsyncHwEl[1] AsyncHwEl[2] AsyncHwEl[3] AsyncHwEl[4] AsyncHwEl[5] | outputs: NmsPPMuxEl0YOLOV8-Post-Process(running in thread_id: 4116)
[2025-05-27 12:51:39.006] [4067] [HailoRT] [info] [pipeline.cpp:891] [print_deep_description] NmsPPMuxEl0YOLOV8-Post-Process | inputs: MultiPushQEl0YOLOV8-Post-Process[0] | outputs: LastAsyncEl0NmsPPMuxEl0YOLOV8-Post-Process
[2025-05-27 12:51:39.006] [4067] [HailoRT] [info] [pipeline.cpp:891] [print_deep_description] LastAsyncEl0NmsPPMuxEl0YOLOV8-Post-Process | inputs: NmsPPMuxEl0YOLOV8-Post-Process[0] | outputs: user
[2025-05-27 12:51:39.273] [4101] [HailoRT] [info] [hef.cpp:1929] [get_network_group_and_network_name] No name was given. Addressing all networks of default network_group: yolov8m
[2025-05-27 12:53:28.510] [4146] [HailoRT] [info] [device.cpp:49] [Device] OS Version: Linux 6.12.20+rpt-rpi-2712 #1 SMP PREEMPT Debian 1:6.12.20-1+rpt1~bpo12+1 (2025-03-19) aarch64
[2025-05-27 12:53:28.512] [4146] [HailoRT] [info] [control.cpp:108] [control__parse_identify_results] firmware_version is: 4.20.0
[2025-05-27 12:53:28.513] [4146] [HailoRT] [info] [control.cpp:108] [control__parse_identify_results] firmware_version is: 4.20.0
[2025-05-27 12:53:28.576] [4143] [HailoRT] [info] [vdevice.cpp:523] [create] Creating vdevice with params: device_count: 1, scheduling_algorithm: ROUND_ROBIN, multi_process_service: false
[2025-05-27 12:53:28.576] [4143] [HailoRT] [info] [device.cpp:49] [Device] OS Version: Linux 6.12.20+rpt-rpi-2712 #1 SMP PREEMPT Debian 1:6.12.20-1+rpt1~bpo12+1 (2025-03-19) aarch64
[2025-05-27 12:53:28.578] [4143] [HailoRT] [info] [control.cpp:108] [control__parse_identify_results] firmware_version is: 4.20.0
[2025-05-27 12:53:28.596] [4143] [HailoRT] [error] [vdevice.cpp:820] [create_devices] CHECK failed - Failed to create vdevice. there are not enough free devices. requested: 1, found: 0
[2025-05-27 12:53:28.596] [4143] [HailoRT] [error] [vdevice.cpp:631] [create] CHECK_SUCCESS failed with status=HAILO_OUT_OF_PHYSICAL_DEVICES(74)
[2025-05-27 12:53:28.596] [4143] [HailoRT] [error] [shared_resource_manager.hpp:81] [register_resource] CHECK_SUCCESS failed with status=HAILO_OUT_OF_PHYSICAL_DEVICES(74)
[2025-05-27 12:53:28.596] [4143] [HailoRT] [error] [vdevice.cpp:132] [create] CHECK_SUCCESS failed with status=HAILO_OUT_OF_PHYSICAL_DEVICES(74)
[2025-05-27 12:53:28.596] [4143] [HailoRT] [error] [vdevice.cpp:554] [create] CHECK_SUCCESS failed with status=HAILO_OUT_OF_PHYSICAL_DEVICES(74)
[2025-05-27 12:54:58.588] [4196] [HailoRT] [info] [device.cpp:49] [Device] OS Version: Linux 6.12.20+rpt-rpi-2712 #1 SMP PREEMPT Debian 1:6.12.20-1+rpt1~bpo12+1 (2025-03-19) aarch64
[2025-05-27 12:54:58.590] [4196] [HailoRT] [info] [control.cpp:108] [control__parse_identify_results] firmware_version is: 4.20.0
[2025-05-27 12:54:58.591] [4196] [HailoRT] [info] [control.cpp:108] [control__parse_identify_results] firmware_version is: 4.20.0
[2025-05-27 12:54:58.655] [4193] [HailoRT] [info] [vdevice.cpp:523] [create] Creating vdevice with params: device_count: 1, scheduling_algorithm: ROUND_ROBIN, multi_process_service: false
[2025-05-27 12:54:58.667] [4193] [HailoRT] [info] [device.cpp:49] [Device] OS Version: Linux 6.12.20+rpt-rpi-2712 #1 SMP PREEMPT Debian 1:6.12.20-1+rpt1~bpo12+1 (2025-03-19) aarch64
[2025-05-27 12:54:58.670] [4193] [HailoRT] [info] [control.cpp:108] [control__parse_identify_results] firmware_version is: 4.20.0
[2025-05-27 12:54:58.670] [4193] [HailoRT] [info] [vdevice.cpp:651] [create] VDevice Infos: 0001:01:00.0
[2025-05-27 12:54:58.779] [4193] [HailoRT] [info] [hef.cpp:1929] [get_network_group_and_network_name] No name was given. Addressing all networks of default network_group: yolov8m
[2025-05-27 12:54:58.779] [4193] [HailoRT] [info] [hef.cpp:1929] [get_network_group_and_network_name] No name was given. Addressing all networks of default network_group: yolov8m
[2025-05-27 12:54:58.826] [4193] [HailoRT] [info] [internal_buffer_manager.cpp:204] [print_execution_results] Planned internal buffer memory: CMA memory 0, user memory 7070208. memory to edge layer usage factor is 1
[2025-05-27 12:54:58.826] [4193] [HailoRT] [info] [internal_buffer_manager.cpp:212] [print_execution_results] Default Internal buffer planner executed successfully
[2025-05-27 12:54:58.891] [4193] [HailoRT] [info] [device_internal.cpp:57] [configure] Configuring HEF took 79.598389 milliseconds
[2025-05-27 12:54:58.891] [4193] [HailoRT] [info] [vdevice.cpp:749] [configure] Configuring HEF on VDevice took 80.037207 milliseconds
[2025-05-27 12:54:58.891] [4193] [HailoRT] [info] [infer_model.cpp:436] [configure] Configuring network group 'yolov8m' with params: batch size: 2, power mode: PERFORMANCE, latency: NONE
[2025-05-27 12:54:58.891] [4193] [HailoRT] [info] [multi_io_elements.cpp:756] [create] Created (AsyncHwEl)
[2025-05-27 12:54:58.892] [4193] [HailoRT] [info] [queue_elements.cpp:450] [create] Created (EntryPushQEl0yolov8m/input_layer1 | timeout: 10s)
[2025-05-27 12:54:58.892] [4193] [HailoRT] [info] [filter_elements.cpp:101] [create] Created (PreInferEl1yolov8m/input_layer1 | Reorder - src_order: RGB4, src_shape: (640, 640, 3), dst_order: NHCW, dst_shape: (640, 640, 3))
[2025-05-27 12:54:58.893] [4193] [HailoRT] [info] [queue_elements.cpp:450] [create] Created (PushQEl1yolov8m/input_layer1 | timeout: 10s)
[2025-05-27 12:54:58.893] [4193] [HailoRT] [info] [multi_io_elements.cpp:135] [create] Created (NmsPPMuxEl0YOLOV8-Post-Process | Op YOLOV8, Name: YOLOV8-Post-Process, Score threshold: 0.300, IoU threshold: 0.45, Classes: 80, Cross classes: false, NMS results order: BY_CLASS, Max bboxes per class: 100, Image height: 640, Image width: 640)
[2025-05-27 12:54:58.894] [4193] [HailoRT] [info] [queue_elements.cpp:942] [create] Created (MultiPushQEl0YOLOV8-Post-Process | timeout: 10s)
[2025-05-27 12:54:58.894] [4193] [HailoRT] [info] [edge_elements.cpp:187] [create] Created (LastAsyncEl0NmsPPMuxEl0YOLOV8-Post-Process)
[2025-05-27 12:54:58.894] [4193] [HailoRT] [info] [pipeline.cpp:891] [print_deep_description] EntryPushQEl0yolov8m/input_layer1 | inputs: user | outputs: PreInferEl1yolov8m/input_layer1(running in thread_id: 4239)
[2025-05-27 12:54:58.894] [4193] [HailoRT] [info] [pipeline.cpp:891] [print_deep_description] PreInferEl1yolov8m/input_layer1 | inputs: EntryPushQEl0yolov8m/input_layer1[0] | outputs: PushQEl1yolov8m/input_layer1
[2025-05-27 12:54:58.894] [4193] [HailoRT] [info] [pipeline.cpp:891] [print_deep_description] PushQEl1yolov8m/input_layer1 | inputs: PreInferEl1yolov8m/input_layer1[0] | outputs: AsyncHwEl(running in thread_id: 4240)
[2025-05-27 12:54:58.894] [4193] [HailoRT] [info] [pipeline.cpp:891] [print_deep_description] AsyncHwEl | inputs: PushQEl1yolov8m/input_layer1[0] | outputs: MultiPushQEl0YOLOV8-Post-Process MultiPushQEl0YOLOV8-Post-Process MultiPushQEl0YOLOV8-Post-Process MultiPushQEl0YOLOV8-Post-Process MultiPushQEl0YOLOV8-Post-Process MultiPushQEl0YOLOV8-Post-Process
[2025-05-27 12:54:58.894] [4193] [HailoRT] [info] [pipeline.cpp:891] [print_deep_description] MultiPushQEl0YOLOV8-Post-Process | inputs: AsyncHwEl[0] AsyncHwEl[1] AsyncHwEl[2] AsyncHwEl[3] AsyncHwEl[4] AsyncHwEl[5] | outputs: NmsPPMuxEl0YOLOV8-Post-Process(running in thread_id: 4241)
[2025-05-27 12:54:58.894] [4193] [HailoRT] [info] [pipeline.cpp:891] [print_deep_description] NmsPPMuxEl0YOLOV8-Post-Process | inputs: MultiPushQEl0YOLOV8-Post-Process[0] | outputs: LastAsyncEl0NmsPPMuxEl0YOLOV8-Post-Process
[2025-05-27 12:54:58.894] [4193] [HailoRT] [info] [pipeline.cpp:891] [print_deep_description] LastAsyncEl0NmsPPMuxEl0YOLOV8-Post-Process | inputs: NmsPPMuxEl0YOLOV8-Post-Process[0] | outputs: user
[2025-05-27 12:54:59.151] [4228] [HailoRT] [info] [hef.cpp:1929] [get_network_group_and_network_name] No name was given. Addressing all networks of default network_group: yolov8m
[2025-05-27 14:00:35.188] [3264] [HailoRT] [info] [device.cpp:49] [Device] OS Version: Linux 6.12.20+rpt-rpi-2712 #1 SMP PREEMPT Debian 1:6.12.20-1+rpt1~bpo12+1 (2025-03-19) aarch64
[2025-05-27 14:00:35.190] [3264] [HailoRT] [info] [control.cpp:108] [control__parse_identify_results] firmware_version is: 4.20.0
[2025-05-27 14:00:35.191] [3264] [HailoRT] [info] [control.cpp:108] [control__parse_identify_results] firmware_version is: 4.20.0
[2025-05-27 14:00:35.504] [3261] [HailoRT] [info] [vdevice.cpp:523] [create] Creating vdevice with params: device_count: 1, scheduling_algorithm: ROUND_ROBIN, multi_process_service: false
[2025-05-27 14:00:35.518] [3261] [HailoRT] [info] [device.cpp:49] [Device] OS Version: Linux 6.12.20+rpt-rpi-2712 #1 SMP PREEMPT Debian 1:6.12.20-1+rpt1~bpo12+1 (2025-03-19) aarch64
[2025-05-27 14:00:35.520] [3261] [HailoRT] [info] [control.cpp:108] [control__parse_identify_results] firmware_version is: 4.20.0
[2025-05-27 14:00:35.521] [3261] [HailoRT] [info] [vdevice.cpp:651] [create] VDevice Infos: 0001:01:00.0
[2025-05-27 14:00:35.953] [3261] [HailoRT] [info] [hef.cpp:1929] [get_network_group_and_network_name] No name was given. Addressing all networks of default network_group: yolov8m
[2025-05-27 14:00:35.953] [3261] [HailoRT] [info] [hef.cpp:1929] [get_network_group_and_network_name] No name was given. Addressing all networks of default network_group: yolov8m
[2025-05-27 14:00:36.269] [3261] [HailoRT] [info] [internal_buffer_manager.cpp:204] [print_execution_results] Planned internal buffer memory: CMA memory 0, user memory 7070208. memory to edge layer usage factor is 1
[2025-05-27 14:00:36.269] [3261] [HailoRT] [info] [internal_buffer_manager.cpp:212] [print_execution_results] Default Internal buffer planner executed successfully
[2025-05-27 14:00:36.311] [3261] [HailoRT] [info] [device_internal.cpp:57] [configure] Configuring HEF took 52.587975 milliseconds
[2025-05-27 14:00:36.311] [3261] [HailoRT] [info] [vdevice.cpp:749] [configure] Configuring HEF on VDevice took 53.324193 milliseconds
[2025-05-27 14:00:36.311] [3261] [HailoRT] [info] [infer_model.cpp:436] [configure] Configuring network group 'yolov8m' with params: batch size: 2, power mode: PERFORMANCE, latency: NONE
[2025-05-27 14:00:36.314] [3261] [HailoRT] [info] [multi_io_elements.cpp:756] [create] Created (AsyncHwEl)
[2025-05-27 14:00:36.315] [3261] [HailoRT] [info] [queue_elements.cpp:450] [create] Created (EntryPushQEl0yolov8m/input_layer1 | timeout: 10s)
[2025-05-27 14:00:36.315] [3261] [HailoRT] [info] [filter_elements.cpp:101] [create] Created (PreInferEl1yolov8m/input_layer1 | Reorder - src_order: RGB4, src_shape: (640, 640, 3), dst_order: NHCW, dst_shape: (640, 640, 3))
[2025-05-27 14:00:36.315] [3261] [HailoRT] [info] [queue_elements.cpp:450] [create] Created (PushQEl1yolov8m/input_layer1 | timeout: 10s)
[2025-05-27 14:00:36.315] [3261] [HailoRT] [info] [multi_io_elements.cpp:135] [create] Created (NmsPPMuxEl0YOLOV8-Post-Process | Op YOLOV8, Name: YOLOV8-Post-Process, Score threshold: 0.300, IoU threshold: 0.45, Classes: 80, Cross classes: false, NMS results order: BY_CLASS, Max bboxes per class: 100, Image height: 640, Image width: 640)
[2025-05-27 14:00:36.315] [3261] [HailoRT] [info] [queue_elements.cpp:942] [create] Created (MultiPushQEl0YOLOV8-Post-Process | timeout: 10s)
[2025-05-27 14:00:36.315] [3261] [HailoRT] [info] [edge_elements.cpp:187] [create] Created (LastAsyncEl0NmsPPMuxEl0YOLOV8-Post-Process)
[2025-05-27 14:00:36.315] [3261] [HailoRT] [info] [pipeline.cpp:891] [print_deep_description] EntryPushQEl0yolov8m/input_layer1 | inputs: user | outputs: PreInferEl1yolov8m/input_layer1(running in thread_id: 3326)
[2025-05-27 14:00:36.316] [3261] [HailoRT] [info] [pipeline.cpp:891] [print_deep_description] PreInferEl1yolov8m/input_layer1 | inputs: EntryPushQEl0yolov8m/input_layer1[0] | outputs: PushQEl1yolov8m/input_layer1
[2025-05-27 14:00:36.316] [3261] [HailoRT] [info] [pipeline.cpp:891] [print_deep_description] PushQEl1yolov8m/input_layer1 | inputs: PreInferEl1yolov8m/input_layer1[0] | outputs: AsyncHwEl(running in thread_id: 3327)
[2025-05-27 14:00:36.317] [3261] [HailoRT] [info] [pipeline.cpp:891] [print_deep_description] AsyncHwEl | inputs: PushQEl1yolov8m/input_layer1[0] | outputs: MultiPushQEl0YOLOV8-Post-Process MultiPushQEl0YOLOV8-Post-Process MultiPushQEl0YOLOV8-Post-Process MultiPushQEl0YOLOV8-Post-Process MultiPushQEl0YOLOV8-Post-Process MultiPushQEl0YOLOV8-Post-Process
[2025-05-27 14:00:36.317] [3261] [HailoRT] [info] [pipeline.cpp:891] [print_deep_description] MultiPushQEl0YOLOV8-Post-Process | inputs: AsyncHwEl[0] AsyncHwEl[1] AsyncHwEl[2] AsyncHwEl[3] AsyncHwEl[4] AsyncHwEl[5] | outputs: NmsPPMuxEl0YOLOV8-Post-Process(running in thread_id: 3328)
[2025-05-27 14:00:36.317] [3261] [HailoRT] [info] [pipeline.cpp:891] [print_deep_description] NmsPPMuxEl0YOLOV8-Post-Process | inputs: MultiPushQEl0YOLOV8-Post-Process[0] | outputs: LastAsyncEl0NmsPPMuxEl0YOLOV8-Post-Process
[2025-05-27 14:00:36.317] [3261] [HailoRT] [info] [pipeline.cpp:891] [print_deep_description] LastAsyncEl0NmsPPMuxEl0YOLOV8-Post-Process | inputs: NmsPPMuxEl0YOLOV8-Post-Process[0] | outputs: user
[2025-05-27 14:00:36.382] [3317] [HailoRT] [info] [hef.cpp:1929] [get_network_group_and_network_name] No name was given. Addressing all networks of default network_group: yolov8m
